2026-04-24T18:09:17.249+05:30  INFO 8344 --- [resource-service] [restartedMain] c.healthgov.ResourceServiceApplication   : Starting ResourceServiceApplication using Java 21.0.8 with PID 8344 (C:\Users\2481476\git\HealthGovMicroservices2\resource-service\target\classes started by 2481476 in C:\Users\2481476\git\HealthGovMicroservices2\resource-service)
2026-04-24T18:09:17.253+05:30  INFO 8344 --- [resource-service] [restartedMain] c.healthgov.ResourceServiceApplication   : No active profile set, falling back to 1 default profile: "default"
2026-04-24T18:09:17.337+05:30  INFO 8344 --- [resource-service] [restartedMain] o.s.c.c.c.ConfigServerConfigDataLoader   : Fetching config from server at : http://localhost:1234
2026-04-24T18:09:17.337+05:30  INFO 8344 --- [resource-service] [restartedMain] o.s.c.c.c.ConfigServerConfigDataLoader   : Located environment: name=resource-service, profiles=[default], label=null, version=eb59825c7973525a69d759180560ae99f0d8bc78, state=
2026-04-24T18:09:17.343+05:30  INFO 8344 --- [resource-service] [restartedMain] .e.DevToolsPropertyDefaultsPostProcessor : Devtools property defaults active! Set 'spring.devtools.add-properties' to 'false' to disable
2026-04-24T18:09:17.344+05:30  INFO 8344 --- [resource-service] [restartedMain] .e.DevToolsPropertyDefaultsPostProcessor : For additional web related logging consider setting the 'logging.level.web' property to 'DEBUG'
2026-04-24T18:09:18.742+05:30  INFO 8344 --- [resource-service] [restartedMain] .s.d.r.c.RepositoryConfigurationDelegate : Bootstrapping Spring Data JPA repositories in DEFAULT mode.
2026-04-24T18:09:18.943+05:30  INFO 8344 --- [resource-service] [restartedMain] .s.d.r.c.RepositoryConfigurationDelegate : Finished Spring Data repository scanning in 187 ms. Found 1 JPA repository interface.
2026-04-24T18:09:19.389+05:30  INFO 8344 --- [resource-service] [restartedMain] o.s.cloud.context.scope.GenericScope     : BeanFactory id=11128d12-1be2-354c-b939-80c7608c0c0b
2026-04-24T18:09:20.006+05:30  INFO 8344 --- [resource-service] [restartedMain] o.s.boot.tomcat.TomcatWebServer          : Tomcat initialized with port 9095 (http)
2026-04-24T18:09:20.019+05:30  INFO 8344 --- [resource-service] [restartedMain] o.apache.catalina.core.StandardService   : Starting service [Tomcat]
2026-04-24T18:09:20.019+05:30  INFO 8344 --- [resource-service] [restartedMain] o.apache.catalina.core.StandardEngine    : Starting Servlet engine: [Apache Tomcat/11.0.20]
2026-04-24T18:09:20.082+05:30  INFO 8344 --- [resource-service] [restartedMain] b.w.c.s.WebApplicationContextInitializer : Root WebApplicationContext: initialization completed in 2737 ms
2026-04-24T18:09:20.452+05:30  INFO 8344 --- [resource-service] [restartedMain] org.hibernate.orm.jpa                    : HHH008540: Processing PersistenceUnitInfo [name: default]
2026-04-24T18:09:20.518+05:30  INFO 8344 --- [resource-service] [restartedMain] org.hibernate.orm.core                   : HHH000001: Hibernate ORM core version 7.2.7.Final
2026-04-24T18:09:21.232+05:30  INFO 8344 --- [resource-service] [restartedMain] o.s.o.j.p.SpringPersistenceUnitInfo      : No LoadTimeWeaver setup: ignoring JPA class transformer
2026-04-24T18:09:21.286+05:30  INFO 8344 --- [resource-service] [restartedMain] com.zaxxer.hikari.HikariDataSource       : HikariPool-1 - Starting...
2026-04-24T18:09:21.717+05:30  INFO 8344 --- [resource-service] [restartedMain] com.zaxxer.hikari.pool.HikariPool        : HikariPool-1 - Added connection com.mysql.cj.jdbc.ConnectionImpl@64d325f0
2026-04-24T18:09:21.720+05:30  INFO 8344 --- [resource-service] [restartedMain] com.zaxxer.hikari.HikariDataSource       : HikariPool-1 - Start completed.
2026-04-24T18:09:21.801+05:30  WARN 8344 --- [resource-service] [restartedMain] org.hibernate.orm.deprecation            : HHH90000025: MySQLDialect does not need to be specified explicitly using 'hibernate.dialect' (remove the property setting and it will be selected by default)
2026-04-24T18:09:21.832+05:30  INFO 8344 --- [resource-service] [restartedMain] org.hibernate.orm.connections.pooling    : HHH10001005: Database info:
	Database JDBC URL [jdbc:mysql://localhost:3306/resource_db?createDatabaseIfNotExist=true]
	Database driver: MySQL Connector/J
	Database dialect: MySQLDialect
	Database version: 8.0.44
	Default catalog/schema: resource_db/undefined
	Autocommit mode: undefined/unknown
	Isolation level: REPEATABLE_READ [default REPEATABLE_READ]
	JDBC fetch size: none
	Pool: DataSourceConnectionProvider
	Minimum pool size: undefined/unknown
	Maximum pool size: undefined/unknown
2026-04-24T18:09:22.999+05:30  INFO 8344 --- [resource-service] [restartedMain] org.hibernate.orm.core                   : HHH000489: No JTA platform available (set 'hibernate.transaction.jta.platform' to enable JTA platform integration)
2026-04-24T18:09:23.074+05:30  INFO 8344 --- [resource-service] [restartedMain] j.LocalContainerEntityManagerFactoryBean : Initialized JPA EntityManagerFactory for persistence unit 'default'
2026-04-24T18:09:23.175+05:30  INFO 8344 --- [resource-service] [restartedMain] o.s.d.j.r.query.QueryEnhancerFactories   : Hibernate is in classpath; If applicable, HQL parser will be used.
2026-04-24T18:09:23.465+05:30  WARN 8344 --- [resource-service] [restartedMain] JpaBaseConfiguration$JpaWebConfiguration : spring.jpa.open-in-view is enabled by default. Therefore, database queries may be performed during view rendering. Explicitly configure spring.jpa.open-in-view to disable this warning
2026-04-24T18:09:23.575+05:30  INFO 8344 --- [resource-service] [restartedMain] o.s.c.openfeign.FeignClientFactoryBean   : For 'health-program-service' URL not provided. Will try picking an instance via load-balancing.
2026-04-24T18:09:24.381+05:30  INFO 8344 --- [resource-service] [restartedMain] DiscoveryClientOptionalArgsConfiguration : Eureka HTTP Client uses RestClient.
2026-04-24T18:09:24.419+05:30  WARN 8344 --- [resource-service] [restartedMain] iguration$LoadBalancerCaffeineWarnLogger : Spring Cloud LoadBalancer is currently working with the default cache. While this cache implementation is useful for development and tests, it's recommended to use Caffeine cache in production.You can switch to using Caffeine cache, by adding it and org.springframework.cache.caffeine.CaffeineCacheManager to the classpath.
2026-04-24T18:09:24.433+05:30  INFO 8344 --- [resource-service] [restartedMain] o.s.b.a.e.web.EndpointLinksResolver      : Exposing 2 endpoints beneath base path '/actuator'
2026-04-24T18:09:24.568+05:30  INFO 8344 --- [resource-service] [restartedMain] o.s.c.n.eureka.InstanceInfoFactory       : Setting initial instance status as: STARTING
2026-04-24T18:09:24.594+05:30  INFO 8344 --- [resource-service] [restartedMain] com.netflix.discovery.DiscoveryClient    : Initializing Eureka in region us-east-1
2026-04-24T18:09:24.598+05:30  INFO 8344 --- [resource-service] [restartedMain] c.n.d.s.r.aws.ConfigClusterResolver      : Resolving eureka endpoints via configuration
2026-04-24T18:09:24.615+05:30  INFO 8344 --- [resource-service] [restartedMain] com.netflix.discovery.DiscoveryClient    : Disable delta property : false
2026-04-24T18:09:24.616+05:30  INFO 8344 --- [resource-service] [restartedMain] com.netflix.discovery.DiscoveryClient    : Single vip registry refresh property : null
2026-04-24T18:09:24.616+05:30  INFO 8344 --- [resource-service] [restartedMain] com.netflix.discovery.DiscoveryClient    : Force full registry fetch : false
2026-04-24T18:09:24.616+05:30  INFO 8344 --- [resource-service] [restartedMain] com.netflix.discovery.DiscoveryClient    : Application is null : false
2026-04-24T18:09:24.616+05:30  INFO 8344 --- [resource-service] [restartedMain] com.netflix.discovery.DiscoveryClient    : Registered Applications size is zero : true
2026-04-24T18:09:24.617+05:30  INFO 8344 --- [resource-service] [restartedMain] com.netflix.discovery.DiscoveryClient    : Application version is -1: true
2026-04-24T18:09:24.617+05:30  INFO 8344 --- [resource-service] [restartedMain] com.netflix.discovery.DiscoveryClient    : Getting all instance registry info from the eureka server
2026-04-24T18:09:25.088+05:30  INFO 8344 --- [resource-service] [restartedMain] com.netflix.discovery.DiscoveryClient    : The response status is 200
2026-04-24T18:09:25.090+05:30  INFO 8344 --- [resource-service] [restartedMain] com.netflix.discovery.DiscoveryClient    : Starting heartbeat executor: renew interval is: 30
2026-04-24T18:09:25.092+05:30  INFO 8344 --- [resource-service] [restartedMain] c.n.discovery.InstanceInfoReplicator     : InstanceInfoReplicator onDemand update allowed rate per min is 4
2026-04-24T18:09:25.094+05:30  INFO 8344 --- [resource-service] [restartedMain] com.netflix.discovery.DiscoveryClient    : Discovery Client initialized at timestamp 1777034365093 with initial instances count: 3
2026-04-24T18:09:25.098+05:30  INFO 8344 --- [resource-service] [restartedMain] o.s.c.n.e.s.EurekaServiceRegistry        : Registering application RESOURCE-SERVICE with eureka with status UP
2026-04-24T18:09:25.099+05:30  INFO 8344 --- [resource-service] [restartedMain] com.netflix.discovery.DiscoveryClient    : Saw local status change event StatusChangeEvent [timestamp=1777034365099, current=UP, previous=STARTING]
2026-04-24T18:09:25.102+05:30  INFO 8344 --- [resource-service] [DiscoveryClient-InstanceInfoReplicator-%d] com.netflix.discovery.DiscoveryClient    : DiscoveryClient_RESOURCE-SERVICE/LTIN717715.cts.com:resource-service:9095: registering service...
2026-04-24T18:09:25.132+05:30  INFO 8344 --- [resource-service] [restartedMain] o.s.boot.tomcat.TomcatWebServer          : Tomcat started on port 9095 (http) with context path '/'
2026-04-24T18:09:25.133+05:30  INFO 8344 --- [resource-service] [restartedMain] .s.c.n.e.s.EurekaAutoServiceRegistration : Updating port to 9095
2026-04-24T18:09:25.150+05:30  INFO 8344 --- [resource-service] [restartedMain] c.healthgov.ResourceServiceApplication   : Started ResourceServiceApplication in 10.631 seconds (process running for 12.1)
2026-04-24T18:09:25.157+05:30  INFO 8344 --- [resource-service] [DiscoveryClient-InstanceInfoReplicator-%d] com.netflix.discovery.DiscoveryClient    : DiscoveryClient_RESOURCE-SERVICE/LTIN717715.cts.com:resource-service:9095 - registration status: 204
2026-04-24T18:09:25.835+05:30  INFO 8344 --- [resource-service] [RMI TCP Connection(6)-127.0.0.1] o.a.c.c.C.[Tomcat].[localhost].[/]       : Initializing Spring DispatcherServlet 'dispatcherServlet'
2026-04-24T18:09:25.835+05:30  INFO 8344 --- [resource-service] [RMI TCP Connection(6)-127.0.0.1] o.s.web.servlet.DispatcherServlet        : Initializing Servlet 'dispatcherServlet'
2026-04-24T18:09:25.838+05:30  INFO 8344 --- [resource-service] [RMI TCP Connection(6)-127.0.0.1] o.s.web.servlet.DispatcherServlet        : Completed initialization in 3 ms
2026-04-24T18:14:04.604+05:30  INFO 8344 --- [resource-service] [http-nio-9095-exec-1] c.h.controller.ResourceController        : Fetching resources for programId=11
2026-04-24T18:14:04.653+05:30  INFO 8344 --- [resource-service] [http-nio-9095-exec-1] c.healthgov.service.ResourceServiceImpl  : Fetching resources for programId=11
2026-04-24T18:14:13.346+05:30  INFO 8344 --- [resource-service] [http-nio-9095-exec-2] c.h.controller.ResourceController        : Fetching resources for programId=11
2026-04-24T18:14:13.346+05:30  INFO 8344 --- [resource-service] [http-nio-9095-exec-2] c.healthgov.service.ResourceServiceImpl  : Fetching resources for programId=11
2026-04-24T18:14:24.626+05:30  INFO 8344 --- [resource-service] [AsyncResolver-bootstrap-executor-%d] c.n.d.s.r.aws.ConfigClusterResolver      : Resolving eureka endpoints via configuration
2026-04-24T18:14:26.882+05:30  INFO 8344 --- [resource-service] [http-nio-9095-exec-3] c.h.controller.ResourceController        : Fetching resources for programId=1
2026-04-24T18:14:26.886+05:30  INFO 8344 --- [resource-service] [http-nio-9095-exec-3] c.healthgov.service.ResourceServiceImpl  : Fetching resources for programId=1
2026-04-24T18:14:27.082+05:30  INFO 8344 --- [resource-service] [http-nio-9095-exec-4] c.h.controller.ResourceController        : Fetching resources for programId=6
2026-04-24T18:14:27.089+05:30  INFO 8344 --- [resource-service] [http-nio-9095-exec-4] c.healthgov.service.ResourceServiceImpl  : Fetching resources for programId=6
2026-04-24T18:14:27.172+05:30  INFO 8344 --- [resource-service] [http-nio-9095-exec-5] c.h.controller.ResourceController        : Fetching resources for programId=7
2026-04-24T18:14:27.181+05:30  INFO 8344 --- [resource-service] [http-nio-9095-exec-5] c.healthgov.service.ResourceServiceImpl  : Fetching resources for programId=7
2026-04-24T18:14:27.248+05:30  INFO 8344 --- [resource-service] [http-nio-9095-exec-7] c.h.controller.ResourceController        : Fetching resources for programId=8
2026-04-24T18:14:27.256+05:30  INFO 8344 --- [resource-service] [http-nio-9095-exec-7] c.healthgov.service.ResourceServiceImpl  : Fetching resources for programId=8
2026-04-24T18:14:27.323+05:30  INFO 8344 --- [resource-service] [http-nio-9095-exec-6] c.h.controller.ResourceController        : Fetching resources for programId=9
2026-04-24T18:14:27.331+05:30  INFO 8344 --- [resource-service] [http-nio-9095-exec-6] c.healthgov.service.ResourceServiceImpl  : Fetching resources for programId=9
2026-04-24T18:14:27.406+05:30  INFO 8344 --- [resource-service] [http-nio-9095-exec-8] c.h.controller.ResourceController        : Fetching resources for programId=10
2026-04-24T18:14:27.417+05:30  INFO 8344 --- [resource-service] [http-nio-9095-exec-8] c.healthgov.service.ResourceServiceImpl  : Fetching resources for programId=10
2026-04-24T18:14:27.490+05:30  INFO 8344 --- [resource-service] [http-nio-9095-exec-9] c.h.controller.ResourceController        : Fetching resources for programId=11
2026-04-24T18:14:27.500+05:30  INFO 8344 --- [resource-service] [http-nio-9095-exec-9] c.healthgov.service.ResourceServiceImpl  : Fetching resources for programId=11
2026-04-24T18:14:38.598+05:30  INFO 8344 --- [resource-service] [http-nio-9095-exec-10] c.h.controller.ResourceController        : Fetching resources for programId=1
2026-04-24T18:14:38.607+05:30  INFO 8344 --- [resource-service] [http-nio-9095-exec-10] c.healthgov.service.ResourceServiceImpl  : Fetching resources for programId=1
2026-04-24T18:14:59.720+05:30  INFO 8344 --- [resource-service] [http-nio-9095-exec-1] c.h.controller.ResourceController        : Fetching resources for programId=1
2026-04-24T18:14:59.720+05:30  INFO 8344 --- [resource-service] [http-nio-9095-exec-1] c.healthgov.service.ResourceServiceImpl  : Fetching resources for programId=1
2026-04-24T18:17:50.816+05:30  WARN 8344 --- [resource-service] [HikariPool-1:housekeeper] com.zaxxer.hikari.pool.HikariPool        : HikariPool-1 - Thread starvation or clock leap detected (housekeeper delta=1m28s892ms8µs400ns).
