2026-04-24T11:42:13.628+05:30  INFO 14944 --- [compliance-audit-service] [restartedMain] c.h.ComplianceAuditServiceApplication    : Starting ComplianceAuditServiceApplication using Java 21.0.8 with PID 14944 (C:\Users\2481703\git\HealthGov_Microservice\compliance-audit-service\target\classes started by 2481703 in C:\Users\2481703\git\HealthGov_Microservice\compliance-audit-service)
2026-04-24T11:42:13.633+05:30  INFO 14944 --- [compliance-audit-service] [restartedMain] c.h.ComplianceAuditServiceApplication    : No active profile set, falling back to 1 default profile: "default"
2026-04-24T11:42:13.689+05:30  INFO 14944 --- [compliance-audit-service] [restartedMain] o.s.c.c.c.ConfigServerConfigDataLoader   : Fetching config from server at : http://localhost:1234
2026-04-24T11:42:13.690+05:30  INFO 14944 --- [compliance-audit-service] [restartedMain] o.s.c.c.c.ConfigServerConfigDataLoader   : Located environment: name=compliance-audit-service, profiles=[default], label=null, version=eb59825c7973525a69d759180560ae99f0d8bc78, state=
2026-04-24T11:42:13.693+05:30  INFO 14944 --- [compliance-audit-service] [restartedMain] .e.DevToolsPropertyDefaultsPostProcessor : Devtools property defaults active! Set 'spring.devtools.add-properties' to 'false' to disable
2026-04-24T11:42:13.694+05:30  INFO 14944 --- [compliance-audit-service] [restartedMain] .e.DevToolsPropertyDefaultsPostProcessor : For additional web related logging consider setting the 'logging.level.web' property to 'DEBUG'
2026-04-24T11:42:14.759+05:30  INFO 14944 --- [compliance-audit-service] [restartedMain] .s.d.r.c.RepositoryConfigurationDelegate : Bootstrapping Spring Data JPA repositories in DEFAULT mode.
2026-04-24T11:42:14.887+05:30  INFO 14944 --- [compliance-audit-service] [restartedMain] .s.d.r.c.RepositoryConfigurationDelegate : Finished Spring Data repository scanning in 119 ms. Found 2 JPA repository interfaces.
2026-04-24T11:42:15.145+05:30  INFO 14944 --- [compliance-audit-service] [restartedMain] o.s.cloud.context.scope.GenericScope     : BeanFactory id=3be3e4ad-f38f-3f3b-af18-be8b61dfa91a
2026-04-24T11:42:15.552+05:30  INFO 14944 --- [compliance-audit-service] [restartedMain] o.s.boot.tomcat.TomcatWebServer          : Tomcat initialized with port 5050 (http)
2026-04-24T11:42:15.566+05:30  INFO 14944 --- [compliance-audit-service] [restartedMain] o.apache.catalina.core.StandardService   : Starting service [Tomcat]
2026-04-24T11:42:15.566+05:30  INFO 14944 --- [compliance-audit-service] [restartedMain] o.apache.catalina.core.StandardEngine    : Starting Servlet engine: [Apache Tomcat/11.0.20]
2026-04-24T11:42:15.640+05:30  INFO 14944 --- [compliance-audit-service] [restartedMain] b.w.c.s.WebApplicationContextInitializer : Root WebApplicationContext: initialization completed in 1946 ms
2026-04-24T11:42:15.952+05:30  INFO 14944 --- [compliance-audit-service] [restartedMain] org.hibernate.orm.jpa                    : HHH008540: Processing PersistenceUnitInfo [name: default]
2026-04-24T11:42:15.999+05:30  INFO 14944 --- [compliance-audit-service] [restartedMain] org.hibernate.orm.core                   : HHH000001: Hibernate ORM core version 7.2.7.Final
2026-04-24T11:42:16.398+05:30  INFO 14944 --- [compliance-audit-service] [restartedMain] o.s.o.j.p.SpringPersistenceUnitInfo      : No LoadTimeWeaver setup: ignoring JPA class transformer
2026-04-24T11:42:16.428+05:30  INFO 14944 --- [compliance-audit-service] [restartedMain] com.zaxxer.hikari.HikariDataSource       : HikariPool-1 - Starting...
2026-04-24T11:42:16.744+05:30  INFO 14944 --- [compliance-audit-service] [restartedMain] com.zaxxer.hikari.pool.HikariPool        : HikariPool-1 - Added connection com.mysql.cj.jdbc.ConnectionImpl@1da46d73
2026-04-24T11:42:16.745+05:30  INFO 14944 --- [compliance-audit-service] [restartedMain] com.zaxxer.hikari.HikariDataSource       : HikariPool-1 - Start completed.
2026-04-24T11:42:16.787+05:30  WARN 14944 --- [compliance-audit-service] [restartedMain] org.hibernate.orm.deprecation            : HHH90000025: MySQLDialect does not need to be specified explicitly using 'hibernate.dialect' (remove the property setting and it will be selected by default)
2026-04-24T11:42:16.803+05:30  INFO 14944 --- [compliance-audit-service] [restartedMain] org.hibernate.orm.connections.pooling    : HHH10001005: Database info:
	Database JDBC URL [jdbc:mysql://localhost:3306/compliance_audit_db?createDatabaseIfNotExist=true]
	Database driver: MySQL Connector/J
	Database dialect: MySQLDialect
	Database version: 8.0.44
	Default catalog/schema: compliance_audit_db/undefined
	Autocommit mode: undefined/unknown
	Isolation level: REPEATABLE_READ [default REPEATABLE_READ]
	JDBC fetch size: none
	Pool: DataSourceConnectionProvider
	Minimum pool size: undefined/unknown
	Maximum pool size: undefined/unknown
2026-04-24T11:42:17.531+05:30  INFO 14944 --- [compliance-audit-service] [restartedMain] org.hibernate.orm.core                   : HHH000489: No JTA platform available (set 'hibernate.transaction.jta.platform' to enable JTA platform integration)
2026-04-24T11:42:17.653+05:30  INFO 14944 --- [compliance-audit-service] [restartedMain] j.LocalContainerEntityManagerFactoryBean : Initialized JPA EntityManagerFactory for persistence unit 'default'
2026-04-24T11:42:17.731+05:30  INFO 14944 --- [compliance-audit-service] [restartedMain] o.s.d.j.r.query.QueryEnhancerFactories   : Hibernate is in classpath; If applicable, HQL parser will be used.
2026-04-24T11:42:17.989+05:30  WARN 14944 --- [compliance-audit-service] [restartedMain] JpaBaseConfiguration$JpaWebConfiguration : spring.jpa.open-in-view is enabled by default. Therefore, database queries may be performed during view rendering. Explicitly configure spring.jpa.open-in-view to disable this warning
2026-04-24T11:42:18.047+05:30  INFO 14944 --- [compliance-audit-service] [restartedMain] o.s.c.openfeign.FeignClientFactoryBean   : For 'health-program-service' URL not provided. Will try picking an instance via load-balancing.
2026-04-24T11:42:18.107+05:30  INFO 14944 --- [compliance-audit-service] [restartedMain] o.s.c.openfeign.FeignClientFactoryBean   : For 'research-service' URL not provided. Will try picking an instance via load-balancing.
2026-04-24T11:42:18.128+05:30  INFO 14944 --- [compliance-audit-service] [restartedMain] o.s.c.openfeign.FeignClientFactoryBean   : For 'auth-service' URL not provided. Will try picking an instance via load-balancing.
2026-04-24T11:42:18.809+05:30  INFO 14944 --- [compliance-audit-service] [restartedMain] DiscoveryClientOptionalArgsConfiguration : Eureka HTTP Client uses RestClient.
2026-04-24T11:42:18.830+05:30  WARN 14944 --- [compliance-audit-service] [restartedMain] iguration$LoadBalancerCaffeineWarnLogger : Spring Cloud LoadBalancer is currently working with the default cache. While this cache implementation is useful for development and tests, it's recommended to use Caffeine cache in production.You can switch to using Caffeine cache, by adding it and org.springframework.cache.caffeine.CaffeineCacheManager to the classpath.
2026-04-24T11:42:18.850+05:30  INFO 14944 --- [compliance-audit-service] [restartedMain] o.s.b.a.e.web.EndpointLinksResolver      : Exposing 2 endpoints beneath base path '/actuator'
2026-04-24T11:42:18.942+05:30  INFO 14944 --- [compliance-audit-service] [restartedMain] o.s.c.n.eureka.InstanceInfoFactory       : Setting initial instance status as: STARTING
2026-04-24T11:42:18.980+05:30  INFO 14944 --- [compliance-audit-service] [restartedMain] com.netflix.discovery.DiscoveryClient    : Initializing Eureka in region us-east-1
2026-04-24T11:42:18.988+05:30  INFO 14944 --- [compliance-audit-service] [restartedMain] c.n.d.s.r.aws.ConfigClusterResolver      : Resolving eureka endpoints via configuration
2026-04-24T11:42:19.001+05:30  INFO 14944 --- [compliance-audit-service] [restartedMain] com.netflix.discovery.DiscoveryClient    : Disable delta property : false
2026-04-24T11:42:19.001+05:30  INFO 14944 --- [compliance-audit-service] [restartedMain] com.netflix.discovery.DiscoveryClient    : Single vip registry refresh property : null
2026-04-24T11:42:19.001+05:30  INFO 14944 --- [compliance-audit-service] [restartedMain] com.netflix.discovery.DiscoveryClient    : Force full registry fetch : false
2026-04-24T11:42:19.001+05:30  INFO 14944 --- [compliance-audit-service] [restartedMain] com.netflix.discovery.DiscoveryClient    : Application is null : false
2026-04-24T11:42:19.001+05:30  INFO 14944 --- [compliance-audit-service] [restartedMain] com.netflix.discovery.DiscoveryClient    : Registered Applications size is zero : true
2026-04-24T11:42:19.001+05:30  INFO 14944 --- [compliance-audit-service] [restartedMain] com.netflix.discovery.DiscoveryClient    : Application version is -1: true
2026-04-24T11:42:19.001+05:30  INFO 14944 --- [compliance-audit-service] [restartedMain] com.netflix.discovery.DiscoveryClient    : Getting all instance registry info from the eureka server
2026-04-24T11:42:19.250+05:30  INFO 14944 --- [compliance-audit-service] [restartedMain] com.netflix.discovery.DiscoveryClient    : The response status is 200
2026-04-24T11:42:19.253+05:30  INFO 14944 --- [compliance-audit-service] [restartedMain] com.netflix.discovery.DiscoveryClient    : Starting heartbeat executor: renew interval is: 30
2026-04-24T11:42:19.255+05:30  INFO 14944 --- [compliance-audit-service] [restartedMain] c.n.discovery.InstanceInfoReplicator     : InstanceInfoReplicator onDemand update allowed rate per min is 4
2026-04-24T11:42:19.257+05:30  INFO 14944 --- [compliance-audit-service] [restartedMain] com.netflix.discovery.DiscoveryClient    : Discovery Client initialized at timestamp 1777011139257 with initial instances count: 1
2026-04-24T11:42:19.260+05:30  INFO 14944 --- [compliance-audit-service] [restartedMain] o.s.c.n.e.s.EurekaServiceRegistry        : Registering application COMPLIANCE-AUDIT-SERVICE with eureka with status UP
2026-04-24T11:42:19.261+05:30  INFO 14944 --- [compliance-audit-service] [restartedMain] com.netflix.discovery.DiscoveryClient    : Saw local status change event StatusChangeEvent [timestamp=1777011139261, current=UP, previous=STARTING]
2026-04-24T11:42:19.263+05:30  INFO 14944 --- [compliance-audit-service] [DiscoveryClient-InstanceInfoReplicator-%d] com.netflix.discovery.DiscoveryClient    : DiscoveryClient_COMPLIANCE-AUDIT-SERVICE/LTIN717597.cts.com:compliance-audit-service:5050: registering service...
2026-04-24T11:42:19.284+05:30  INFO 14944 --- [compliance-audit-service] [restartedMain] o.s.boot.tomcat.TomcatWebServer          : Tomcat started on port 5050 (http) with context path '/'
2026-04-24T11:42:19.285+05:30  INFO 14944 --- [compliance-audit-service] [restartedMain] .s.c.n.e.s.EurekaAutoServiceRegistration : Updating port to 5050
2026-04-24T11:42:19.301+05:30  INFO 14944 --- [compliance-audit-service] [restartedMain] c.h.ComplianceAuditServiceApplication    : Started ComplianceAuditServiceApplication in 7.457 seconds (process running for 8.317)
2026-04-24T11:42:19.301+05:30  INFO 14944 --- [compliance-audit-service] [DiscoveryClient-InstanceInfoReplicator-%d] com.netflix.discovery.DiscoveryClient    : DiscoveryClient_COMPLIANCE-AUDIT-SERVICE/LTIN717597.cts.com:compliance-audit-service:5050 - registration status: 204
2026-04-24T11:42:19.306+05:30  WARN 14944 --- [compliance-audit-service] [restartedMain] o.s.core.events.SpringDocAppInitializer  : SpringDoc /v3/api-docs endpoint is enabled by default. To disable it in production, set the property 'springdoc.api-docs.enabled=false'
2026-04-24T11:42:19.307+05:30  WARN 14944 --- [compliance-audit-service] [restartedMain] o.s.core.events.SpringDocAppInitializer  : SpringDoc /swagger-ui.html endpoint is enabled by default. To disable it in production, set the property 'springdoc.swagger-ui.enabled=false'
2026-04-24T11:42:19.701+05:30  INFO 14944 --- [compliance-audit-service] [RMI TCP Connection(7)-127.0.0.1] o.a.c.c.C.[Tomcat].[localhost].[/]       : Initializing Spring DispatcherServlet 'dispatcherServlet'
2026-04-24T11:42:19.701+05:30  INFO 14944 --- [compliance-audit-service] [RMI TCP Connection(7)-127.0.0.1] o.s.web.servlet.DispatcherServlet        : Initializing Servlet 'dispatcherServlet'
2026-04-24T11:42:19.704+05:30  INFO 14944 --- [compliance-audit-service] [RMI TCP Connection(7)-127.0.0.1] o.s.web.servlet.DispatcherServlet        : Completed initialization in 3 ms
2026-04-24T11:47:19.022+05:30  INFO 14944 --- [compliance-audit-service] [AsyncResolver-bootstrap-executor-%d] c.n.d.s.r.aws.ConfigClusterResolver      : Resolving eureka endpoints via configuration
2026-04-24T11:47:41.239+05:30  INFO 14944 --- [compliance-audit-service] [http-nio-5050-exec-1] c.h.controller.ComplianceController      : POST /api/v1/compliance-records/create type=PROJECT entityId=7
2026-04-24T11:47:41.976+05:30  INFO 14944 --- [compliance-audit-service] [http-nio-5050-exec-1] com.healthgov.services.ComplianceUtil    : Validating the compliance type before updatring the status
2026-04-24T11:47:41.976+05:30  INFO 14944 --- [compliance-audit-service] [http-nio-5050-exec-1] com.healthgov.services.ComplianceUtil    : Validating target entity: type=PROJECT, entityId=7
2026-04-24T11:47:41.977+05:30 DEBUG 14944 --- [compliance-audit-service] [http-nio-5050-exec-1] feign.template.Template                  : Explicit slash decoding specified, decoding all slashes in uri
2026-04-24T11:47:42.550+05:30  INFO 14944 --- [compliance-audit-service] [http-nio-5050-exec-1] com.healthgov.services.ComplianceUtil    : Validating the compliance result based on the enums
2026-04-24T11:47:42.550+05:30  INFO 14944 --- [compliance-audit-service] [http-nio-5050-exec-1] c.h.services.ComplianceServiceImpl       : Data Validation Invoked
2026-04-24T11:47:42.623+05:30  INFO 14944 --- [compliance-audit-service] [http-nio-5050-exec-1] c.h.services.ComplianceServiceImpl       : Created ComplianceRecord id=30 type=PROJECT entityId=7
2026-04-24T11:47:42.623+05:30  INFO 14944 --- [compliance-audit-service] [http-nio-5050-exec-1] com.healthgov.services.ComplianceUtil    : [PROJECT-CLIENT] Calling getProjectById with id=7
2026-04-24T11:47:42.623+05:30 DEBUG 14944 --- [compliance-audit-service] [http-nio-5050-exec-1] feign.template.Template                  : Explicit slash decoding specified, decoding all slashes in uri
2026-04-24T11:47:42.648+05:30  INFO 14944 --- [compliance-audit-service] [http-nio-5050-exec-1] com.healthgov.services.ComplianceUtil    : [PROJECT-CLIENT] Response received: ResearchProjectResponse(projectId=7, title=AI-Based Tumor Detection, description=Using deep learning techniques to detect cancer at early stages from MRI images., startDate=2026-06-01, endDate=2028-05-31, status=PENDING, reason=null, researcherId=2, researcherName=null)
2026-04-24T11:51:25.508+05:30  INFO 14944 --- [compliance-audit-service] [http-nio-5050-exec-3] c.h.controller.ComplianceController      : POST /api/v1/compliance-records/create type=GRANT entityId=4
2026-04-24T11:51:25.514+05:30  INFO 14944 --- [compliance-audit-service] [http-nio-5050-exec-3] com.healthgov.services.ComplianceUtil    : Validating the compliance type before updatring the status
2026-04-24T11:51:25.515+05:30  INFO 14944 --- [compliance-audit-service] [http-nio-5050-exec-3] com.healthgov.services.ComplianceUtil    : Validating target entity: type=GRANT, entityId=4
2026-04-24T11:51:25.515+05:30 DEBUG 14944 --- [compliance-audit-service] [http-nio-5050-exec-3] feign.template.Template                  : Explicit slash decoding specified, decoding all slashes in uri
2026-04-24T11:51:25.527+05:30  INFO 14944 --- [compliance-audit-service] [http-nio-5050-exec-3] com.healthgov.services.ComplianceUtil    : Validating the compliance result based on the enums
2026-04-24T11:51:25.527+05:30  INFO 14944 --- [compliance-audit-service] [http-nio-5050-exec-3] c.h.services.ComplianceServiceImpl       : Data Validation Invoked
2026-04-24T11:51:25.534+05:30  INFO 14944 --- [compliance-audit-service] [http-nio-5050-exec-3] c.h.services.ComplianceServiceImpl       : Created ComplianceRecord id=31 type=GRANT entityId=4
2026-04-24T11:51:25.535+05:30  INFO 14944 --- [compliance-audit-service] [http-nio-5050-exec-3] com.healthgov.services.ComplianceUtil    : [GRANT-CLIENT] Calling getGrantById with id=4
2026-04-24T11:51:25.535+05:30 DEBUG 14944 --- [compliance-audit-service] [http-nio-5050-exec-3] feign.template.Template                  : Explicit slash decoding specified, decoding all slashes in uri
2026-04-24T11:51:25.554+05:30  INFO 14944 --- [compliance-audit-service] [http-nio-5050-exec-3] com.healthgov.services.ComplianceUtil    : [GRANT-CLIENT] Response received: GrantResponseDto(grantId=4, amount=12345.0, grantedAt=null, projectId=4, researcherId=2, status=APPROVED)
2026-04-24T11:52:19.025+05:30  INFO 14944 --- [compliance-audit-service] [AsyncResolver-bootstrap-executor-%d] c.n.d.s.r.aws.ConfigClusterResolver      : Resolving eureka endpoints via configuration
2026-04-24T11:53:12.234+05:30  INFO 14944 --- [compliance-audit-service] [RMI TCP Connection(22)-127.0.0.1] inMXBeanRegistrar$SpringApplicationAdmin : Application shutdown requested.
2026-04-24T11:53:12.235+05:30  INFO 14944 --- [compliance-audit-service] [RMI TCP Connection(22)-127.0.0.1] o.s.c.n.e.s.EurekaServiceRegistry        : Unregistering application COMPLIANCE-AUDIT-SERVICE with eureka with status DOWN
2026-04-24T11:53:12.236+05:30  INFO 14944 --- [compliance-audit-service] [RMI TCP Connection(22)-127.0.0.1] com.netflix.discovery.DiscoveryClient    : Saw local status change event StatusChangeEvent [timestamp=1777011792236, current=DOWN, previous=UP]
2026-04-24T11:53:12.236+05:30  INFO 14944 --- [compliance-audit-service] [DiscoveryClient-InstanceInfoReplicator-%d] com.netflix.discovery.DiscoveryClient    : DiscoveryClient_COMPLIANCE-AUDIT-SERVICE/LTIN717597.cts.com:compliance-audit-service:5050: registering service...
2026-04-24T11:53:12.238+05:30  INFO 14944 --- [compliance-audit-service] [RMI TCP Connection(22)-127.0.0.1] o.s.boot.tomcat.GracefulShutdown         : Commencing graceful shutdown. Waiting for active requests to complete
2026-04-24T11:53:12.245+05:30  INFO 14944 --- [compliance-audit-service] [tomcat-shutdown] o.s.boot.tomcat.GracefulShutdown         : Graceful shutdown complete
2026-04-24T11:53:12.253+05:30  INFO 14944 --- [compliance-audit-service] [DiscoveryClient-InstanceInfoReplicator-%d] com.netflix.discovery.DiscoveryClient    : DiscoveryClient_COMPLIANCE-AUDIT-SERVICE/LTIN717597.cts.com:compliance-audit-service:5050 - registration status: 204
2026-04-24T11:53:12.253+05:30  INFO 14944 --- [compliance-audit-service] [RMI TCP Connection(22)-127.0.0.1] j.LocalContainerEntityManagerFactoryBean : Closing JPA EntityManagerFactory for persistence unit 'default'
2026-04-24T11:53:12.256+05:30  INFO 14944 --- [compliance-audit-service] [RMI TCP Connection(22)-127.0.0.1] com.zaxxer.hikari.HikariDataSource       : HikariPool-1 - Shutdown initiated...
2026-04-24T11:53:12.260+05:30  INFO 14944 --- [compliance-audit-service] [RMI TCP Connection(22)-127.0.0.1] com.zaxxer.hikari.HikariDataSource       : HikariPool-1 - Shutdown completed.
2026-04-24T11:53:12.261+05:30  INFO 14944 --- [compliance-audit-service] [RMI TCP Connection(22)-127.0.0.1] com.netflix.discovery.DiscoveryClient    : Shutting down DiscoveryClient ...
2026-04-24T11:53:15.276+05:30  INFO 14944 --- [compliance-audit-service] [RMI TCP Connection(22)-127.0.0.1] com.netflix.discovery.DiscoveryClient    : Unregistering ...
2026-04-24T11:53:15.293+05:30  INFO 14944 --- [compliance-audit-service] [RMI TCP Connection(22)-127.0.0.1] com.netflix.discovery.DiscoveryClient    : DiscoveryClient_COMPLIANCE-AUDIT-SERVICE/LTIN717597.cts.com:compliance-audit-service:5050 - deregister  status: 200
2026-04-24T11:53:15.293+05:30  INFO 14944 --- [compliance-audit-service] [RMI TCP Connection(22)-127.0.0.1] com.netflix.discovery.DiscoveryClient    : Completed shut down of DiscoveryClient
